<?xml version="1.0" encoding="UTF-8"?>
<!-- Generated by org.testng.reporters.JUnitReportReporter -->
<testsuite skipped="0" hostname="DESKTOP-MQL6ONT" name="Test_Scripts.Runner_Scripts" tests="1" failures="0" timestamp="20 Oct 2023 04:00:59 GMT" time="156.691" errors="0">
  <testcase name="test1" time="156.691" classname="Test_Scripts.Runner_Scripts"/>
</testsuite> <!-- Test_Scripts.Runner_Scripts -->
